02-22 16:40:19 root 1331:Loading system fonts.
02-22 16:40:23 root 1198:Font "UbuntuMono-B" does not natively support style "Regular" using "Path" instead
02-22 16:40:24 unfiltered 871:Found SVG layer: F.SilkS
02-22 16:40:24 root 928:  Writing Text with 51 points
02-22 16:40:24 root 928:  Writing Text with 16 points
02-22 16:40:24 root 928:  Writing Text with 32 points
02-22 16:40:24 root 928:  Writing Text with 33 points
02-22 16:40:24 root 928:  Writing Text with 43 points
02-22 16:40:24 root 928:  Writing Text with 43 points
02-22 16:40:24 root 928:  Writing Text with 43 points
02-22 16:40:24 root 928:  Writing Text with 43 points
02-22 16:40:24 root 928:  Writing Text with 19 points
02-22 16:40:24 root 928:  Writing Text with 13 points
02-22 16:40:24 root 928:  Writing Text with 9 points
02-22 16:40:28 root 1198:Font "FredokaOne" does not natively support style "Regular" using "Path" instead
02-22 16:40:28 unfiltered 871:Found SVG layer: F.SilkS
02-22 16:40:28 root 928:  Writing Text with 55 points
02-22 16:40:28 root 928:  Writing Text with 58 points
02-22 16:40:28 root 928:  Writing Text with 23 points
02-22 16:40:28 root 928:  Writing Text with 23 points
02-22 16:40:28 root 928:  Writing Text with 41 points
02-22 16:40:28 root 928:  Writing Text with 41 points
02-22 16:40:28 root 928:  Writing Text with 41 points
02-22 16:40:28 root 928:  Writing Text with 45 points
02-22 16:40:28 root 928:  Writing Text with 30 points
02-22 16:40:28 root 928:  Writing Text with 17 points
02-22 16:40:30 root 1198:Font "mplus-1mn-medium" does not natively support style "Regular" using "Path" instead
02-22 16:40:30 unfiltered 871:Found SVG layer: F.SilkS
02-22 16:40:30 root 928:  Writing Text with 54 points
02-22 16:40:30 root 928:  Writing Text with 9 points
02-22 16:40:30 root 928:  Writing Text with 26 points
02-22 16:40:30 root 928:  Writing Text with 9 points
02-22 16:40:30 root 928:  Writing Text with 42 points
02-22 16:40:30 root 928:  Writing Text with 42 points
02-22 16:40:30 root 928:  Writing Text with 42 points
02-22 16:40:30 root 928:  Writing Text with 37 points
02-22 16:40:30 root 928:  Writing Text with 13 points
02-22 16:40:30 root 928:  Writing Text with 5 points
02-22 16:40:34 root 1198:Font "UbuntuMono-B" does not natively support style "Regular" using "Path" instead
02-22 16:40:34 unfiltered 871:Found SVG layer: F.SilkS
02-22 16:40:34 root 928:  Writing Text with 51 points
02-22 16:40:34 root 928:  Writing Text with 16 points
02-22 16:40:34 root 928:  Writing Text with 32 points
02-22 16:40:34 root 928:  Writing Text with 33 points
02-22 16:40:34 root 928:  Writing Text with 43 points
02-22 16:40:34 root 928:  Writing Text with 43 points
02-22 16:40:34 root 928:  Writing Text with 43 points
02-22 16:40:34 root 928:  Writing Text with 43 points
02-22 16:40:34 root 928:  Writing Text with 19 points
02-22 16:40:34 root 928:  Writing Text with 13 points
02-22 16:40:34 root 928:  Writing Text with 9 points
